0 info it worked if it ends with ok
1 verbose cli [ '/Users/Serge/.nvm/versions/node/v5.12.0/bin/node',
1 verbose cli   '/Users/Serge/.nvm/versions/node/v5.12.0/bin/npm',
1 verbose cli   'run',
1 verbose cli   'serve' ]
2 info using npm@3.8.6
3 info using node@v5.12.0
4 verbose run-script [ 'preserve', 'serve', 'postserve' ]
5 info lifecycle sponlinepwa@1.0.0~preserve: sponlinepwa@1.0.0
6 silly lifecycle sponlinepwa@1.0.0~preserve: no script for preserve, continuing
7 info lifecycle sponlinepwa@1.0.0~serve: sponlinepwa@1.0.0
8 verbose lifecycle sponlinepwa@1.0.0~serve: unsafe-perm in lifecycle true
9 verbose lifecycle sponlinepwa@1.0.0~serve: PATH: /Users/Serge/.nvm/versions/node/v5.12.0/lib/node_modules/npm/bin/node-gyp-bin:/Users/Serge/projects/serge/sharepoint-progressive-web-apps/ShowTitleProgressiveWebApp/node_modules/.bin:/Users/Serge/.nvm/versions/node/v5.12.0/bin:/Users/Serge/.nvm/versions/node/v5.12.0/bin:/usr/local/bin:/usr/bin:/bin:/usr/sbin:/sbin:/opt/X11/bin:/Users/Serge/.kre/packages/KRE-Mono.1.0.0-alpha4/bin:/Users/Serge/bin:./node_modules/.bin:/Users/Serge/Library/Android/sdk/tools:/Users/Serge/Library/Android/sdk/platform-tools
10 verbose lifecycle sponlinepwa@1.0.0~serve: CWD: /Users/Serge/projects/serge/sharepoint-progressive-web-apps/ShowTitleProgressiveWebApp
11 silly lifecycle sponlinepwa@1.0.0~serve: Args: [ '-c', 'node ./server.js' ]
12 silly lifecycle sponlinepwa@1.0.0~serve: Returned: code: 1  signal: null
13 info lifecycle sponlinepwa@1.0.0~serve: Failed to exec serve script
14 verbose stack Error: sponlinepwa@1.0.0 serve: `node ./server.js`
14 verbose stack Exit status 1
14 verbose stack     at EventEmitter.<anonymous> (/Users/Serge/.nvm/versions/node/v5.12.0/lib/node_modules/npm/lib/utils/lifecycle.js:239:16)
14 verbose stack     at emitTwo (events.js:100:13)
14 verbose stack     at EventEmitter.emit (events.js:185:7)
14 verbose stack     at ChildProcess.<anonymous> (/Users/Serge/.nvm/versions/node/v5.12.0/lib/node_modules/npm/lib/utils/spawn.js:24:14)
14 verbose stack     at emitTwo (events.js:100:13)
14 verbose stack     at ChildProcess.emit (events.js:185:7)
14 verbose stack     at maybeClose (internal/child_process.js:850:16)
14 verbose stack     at Process.ChildProcess._handle.onexit (internal/child_process.js:215:5)
15 verbose pkgid sponlinepwa@1.0.0
16 verbose cwd /Users/Serge/projects/serge/sharepoint-progressive-web-apps/ShowTitleProgressiveWebApp
17 error Darwin 16.1.0
18 error argv "/Users/Serge/.nvm/versions/node/v5.12.0/bin/node" "/Users/Serge/.nvm/versions/node/v5.12.0/bin/npm" "run" "serve"
19 error node v5.12.0
20 error npm  v3.8.6
21 error code ELIFECYCLE
22 error sponlinepwa@1.0.0 serve: `node ./server.js`
22 error Exit status 1
23 error Failed at the sponlinepwa@1.0.0 serve script 'node ./server.js'.
23 error Make sure you have the latest version of node.js and npm installed.
23 error If you do, this is most likely a problem with the sponlinepwa package,
23 error not with npm itself.
23 error Tell the author that this fails on your system:
23 error     node ./server.js
23 error You can get information on how to open an issue for this project with:
23 error     npm bugs sponlinepwa
23 error Or if that isn't available, you can get their info via:
23 error     npm owner ls sponlinepwa
23 error There is likely additional logging output above.
24 verbose exit [ 1, true ]
